<?xml version="1.0" encoding="UTF-8"?>
<testng-results skipped="0" failed="0" total="2" passed="2">
  <reporter-output>
  </reporter-output>
  <suite name="Default suite" duration-ms="28" started-at="2020-04-23T20:58:28Z" finished-at="2020-04-23T20:58:28Z">
    <groups>
    </groups>
    <test name="Default test" duration-ms="28" started-at="2020-04-23T20:58:28Z" finished-at="2020-04-23T20:58:28Z">
      <class name="org.com.training.Testng.listenerImplementation">
        <test-method status="PASS" signature="testStart()[pri:0, instance:org.com.training.Testng.listenerImplementation@6500df86]" name="testStart" is-config="true" duration-ms="6" started-at="2020-04-24T02:28:28Z" finished-at="2020-04-24T02:28:28Z">
          <reporter-output>
          </reporter-output>
        </test-method> <!-- testStart -->
        <test-method status="PASS" signature="add1()[pri:0, instance:org.com.training.Testng.listenerImplementation@6500df86]" name="add1" duration-ms="5" started-at="2020-04-24T02:28:28Z" finished-at="2020-04-24T02:28:28Z">
          <reporter-output>
          </reporter-output>
        </test-method> <!-- add1 -->
        <test-method status="PASS" signature="TestEnds()[pri:0, instance:org.com.training.Testng.listenerImplementation@6500df86]" name="TestEnds" is-config="true" duration-ms="0" started-at="2020-04-24T02:28:28Z" finished-at="2020-04-24T02:28:28Z">
          <reporter-output>
          </reporter-output>
        </test-method> <!-- TestEnds -->
        <test-method status="PASS" signature="subtract()[pri:0, instance:org.com.training.Testng.listenerImplementation@6500df86]" name="subtract" duration-ms="1" started-at="2020-04-24T02:28:28Z" finished-at="2020-04-24T02:28:28Z">
          <reporter-output>
          </reporter-output>
        </test-method> <!-- subtract -->
        <test-method status="PASS" signature="testStart()[pri:0, instance:org.com.training.Testng.listenerImplementation@6500df86]" name="testStart" is-config="true" duration-ms="0" started-at="2020-04-24T02:28:28Z" finished-at="2020-04-24T02:28:28Z">
          <reporter-output>
          </reporter-output>
        </test-method> <!-- testStart -->
        <test-method status="PASS" signature="TestEnds()[pri:0, instance:org.com.training.Testng.listenerImplementation@6500df86]" name="TestEnds" is-config="true" duration-ms="0" started-at="2020-04-24T02:28:28Z" finished-at="2020-04-24T02:28:28Z">
          <reporter-output>
          </reporter-output>
        </test-method> <!-- TestEnds -->
      </class> <!-- org.com.training.Testng.listenerImplementation -->
    </test> <!-- Default test -->
  </suite> <!-- Default suite -->
</testng-results>
