<?xml version="1.0" encoding="UTF-8"?>
<testng-results skipped="0" failed="0" ignored="0" total="1" passed="1">
  <reporter-output>
  </reporter-output>
  <suite name="testNG suite" duration-ms="6491" started-at="2020-10-27T15:17:14 IST" finished-at="2020-10-27T15:17:20 IST">
    <groups>
    </groups>
    <test name="Simple Test cases" duration-ms="6491" started-at="2020-10-27T15:17:14 IST" finished-at="2020-10-27T15:17:20 IST">
      <class name="org.com.training.MavenDemo.DemoTest">
        <test-method status="PASS" signature="demo()[pri:0, instance:org.com.training.MavenDemo.DemoTest@6fd02e5]" name="demo" duration-ms="6464" started-at="2020-10-27T15:17:14 IST" finished-at="2020-10-27T15:17:20 IST">
          <reporter-output>
          </reporter-output>
        </test-method> <!-- demo -->
      </class> <!-- org.com.training.MavenDemo.DemoTest -->
    </test> <!-- Simple Test cases -->
  </suite> <!-- testNG suite -->
</testng-results>
